Determining if the pthread_create exist failed with the following output:
Change Dir: /home/user/ros_ws/build/CMakeFiles/CMakeTmp

Run Build Command:/usr/bin/make "cmTryCompileExec2739053301/fast"
/usr/bin/make -f CMakeFiles/cmTryCompileExec2739053301.dir/build.make CMakeFiles/cmTryCompileExec2739053301.dir/build
make[1]: se ingresa al directorio «/home/user/ros_ws/build/CMakeFiles/CMakeTmp»
/usr/bin/cmake -E cmake_progress_report /home/user/ros_ws/build/CMakeFiles/CMakeTmp/CMakeFiles 1
Building C object CMakeFiles/cmTryCompileExec2739053301.dir/CheckSymbolExists.c.o
/usr/bin/cc    -o CMakeFiles/cmTryCompileExec2739053301.dir/CheckSymbolExists.c.o   -c /home/user/ros_ws/build/CMakeFiles/CMakeTmp/CheckSymbolExists.c
Linking C executable cmTryCompileExec2739053301
/usr/bin/cmake -E cmake_link_script CMakeFiles/cmTryCompileExec2739053301.dir/link.txt --verbose=1
/usr/bin/cc       CMakeFiles/cmTryCompileExec2739053301.dir/CheckSymbolExists.c.o  -o cmTryCompileExec2739053301 -rdynamic 
CMakeFiles/cmTryCompileExec2739053301.dir/CheckSymbolExists.c.o: En la función `main':
CheckSymbolExists.c:(.text+0x16): referencia a `pthread_create' sin definir
collect2: error: ld returned 1 exit status
make[1]: se sale del directorio «/home/user/ros_ws/build/CMakeFiles/CMakeTmp»
make[1]: *** [cmTryCompileExec2739053301] Error 1
make: *** [cmTryCompileExec2739053301/fast] Error 2

File /home/user/ros_ws/build/CMakeFiles/CMakeTmp/CheckSymbolExists.c:
/* */
#include <pthread.h>

int main(int argc, char** argv)
{
  (void)argv;
#ifndef pthread_create
  return ((int*)(&pthread_create))[argc];
#else
  (void)argc;
  return 0;
#endif
}

Determining if the function pthread_create exists in the pthreads failed with the following output:
Change Dir: /home/user/ros_ws/build/CMakeFiles/CMakeTmp

Run Build Command:/usr/bin/make "cmTryCompileExec72079056/fast"
/usr/bin/make -f CMakeFiles/cmTryCompileExec72079056.dir/build.make CMakeFiles/cmTryCompileExec72079056.dir/build
make[1]: se ingresa al directorio «/home/user/ros_ws/build/CMakeFiles/CMakeTmp»
/usr/bin/cmake -E cmake_progress_report /home/user/ros_ws/build/CMakeFiles/CMakeTmp/CMakeFiles 1
Building C object CMakeFiles/cmTryCompileExec72079056.dir/CheckFunctionExists.c.o
/usr/bin/cc   -DCHECK_FUNCTION_EXISTS=pthread_create   -o CMakeFiles/cmTryCompileExec72079056.dir/CheckFunctionExists.c.o   -c /usr/share/cmake-2.8/Modules/CheckFunctionExists.c
Linking C executable cmTryCompileExec72079056
/usr/bin/cmake -E cmake_link_script CMakeFiles/cmTryCompileExec72079056.dir/link.txt --verbose=1
/usr/bin/cc   -DCHECK_FUNCTION_EXISTS=pthread_create    CMakeFiles/cmTryCompileExec72079056.dir/CheckFunctionExists.c.o  -o cmTryCompileExec72079056 -rdynamic -lpthreads 
/usr/bin/ld: no se puede encontrar -lpthreads
collect2: error: ld returned 1 exit status
make[1]: *** [cmTryCompileExec72079056] Error 1
make[1]: se sale del directorio «/home/user/ros_ws/build/CMakeFiles/CMakeTmp»
make: *** [cmTryCompileExec72079056/fast] Error 2


Determining if the Q_WS_WIN exist failed with the following output:
Change Dir: /home/user/ros_ws/build/CMakeFiles/CMakeTmp

Run Build Command:/usr/bin/make "cmTryCompileExec1725517347/fast"
/usr/bin/make -f CMakeFiles/cmTryCompileExec1725517347.dir/build.make CMakeFiles/cmTryCompileExec1725517347.dir/build
make[1]: se ingresa al directorio «/home/user/ros_ws/build/CMakeFiles/CMakeTmp»
/usr/bin/cmake -E cmake_progress_report /home/user/ros_ws/build/CMakeFiles/CMakeTmp/CMakeFiles 1
Building CXX object CMakeFiles/cmTryCompileExec1725517347.dir/CheckSymbolExists.cxx.o
/usr/bin/c++    -I/usr/include/qt4    -o CMakeFiles/cmTryCompileExec1725517347.dir/CheckSymbolExists.cxx.o -c /home/user/ros_ws/build/CMakeFiles/CMakeTmp/CheckSymbolExists.cxx
/home/user/ros_ws/build/CMakeFiles/CMakeTmp/CheckSymbolExists.cxx: In function ‘int main(int, char**)’:
/home/user/ros_ws/build/CMakeFiles/CMakeTmp/CheckSymbolExists.cxx:8:19: error: ‘Q_WS_WIN’ was not declared in this scope
   return ((int*)(&Q_WS_WIN))[argc];
                   ^
make[1]: se sale del directorio «/home/user/ros_ws/build/CMakeFiles/CMakeTmp»
make[1]: *** [CMakeFiles/cmTryCompileExec1725517347.dir/CheckSymbolExists.cxx.o] Error 1
make: *** [cmTryCompileExec1725517347/fast] Error 2

File /home/user/ros_ws/build/CMakeFiles/CMakeTmp/CheckSymbolExists.cxx:
/* */
#include <QtCore/qglobal.h>

int main(int argc, char** argv)
{
  (void)argv;
#ifndef Q_WS_WIN
  return ((int*)(&Q_WS_WIN))[argc];
#else
  (void)argc;
  return 0;
#endif
}

Determining if the Q_WS_QWS exist failed with the following output:
Change Dir: /home/user/ros_ws/build/CMakeFiles/CMakeTmp

Run Build Command:/usr/bin/make "cmTryCompileExec1156525121/fast"
/usr/bin/make -f CMakeFiles/cmTryCompileExec1156525121.dir/build.make CMakeFiles/cmTryCompileExec1156525121.dir/build
make[1]: se ingresa al directorio «/home/user/ros_ws/build/CMakeFiles/CMakeTmp»
/usr/bin/cmake -E cmake_progress_report /home/user/ros_ws/build/CMakeFiles/CMakeTmp/CMakeFiles 1
Building CXX object CMakeFiles/cmTryCompileExec1156525121.dir/CheckSymbolExists.cxx.o
/usr/bin/c++    -I/usr/include/qt4    -o CMakeFiles/cmTryCompileExec1156525121.dir/CheckSymbolExists.cxx.o -c /home/user/ros_ws/build/CMakeFiles/CMakeTmp/CheckSymbolExists.cxx
/home/user/ros_ws/build/CMakeFiles/CMakeTmp/CheckSymbolExists.cxx: In function ‘int main(int, char**)’:
/home/user/ros_ws/build/CMakeFiles/CMakeTmp/CheckSymbolExists.cxx:8:19: error: ‘Q_WS_QWS’ was not declared in this scope
   return ((int*)(&Q_WS_QWS))[argc];
                   ^
make[1]: *** [CMakeFiles/cmTryCompileExec1156525121.dir/CheckSymbolExists.cxx.o] Error 1
make[1]: se sale del directorio «/home/user/ros_ws/build/CMakeFiles/CMakeTmp»
make: *** [cmTryCompileExec1156525121/fast] Error 2

File /home/user/ros_ws/build/CMakeFiles/CMakeTmp/CheckSymbolExists.cxx:
/* */
#include <QtCore/qglobal.h>

int main(int argc, char** argv)
{
  (void)argv;
#ifndef Q_WS_QWS
  return ((int*)(&Q_WS_QWS))[argc];
#else
  (void)argc;
  return 0;
#endif
}

Determining if the Q_WS_MAC exist failed with the following output:
Change Dir: /home/user/ros_ws/build/CMakeFiles/CMakeTmp

Run Build Command:/usr/bin/make "cmTryCompileExec2439004753/fast"
/usr/bin/make -f CMakeFiles/cmTryCompileExec2439004753.dir/build.make CMakeFiles/cmTryCompileExec2439004753.dir/build
make[1]: se ingresa al directorio «/home/user/ros_ws/build/CMakeFiles/CMakeTmp»
/usr/bin/cmake -E cmake_progress_report /home/user/ros_ws/build/CMakeFiles/CMakeTmp/CMakeFiles 1
Building CXX object CMakeFiles/cmTryCompileExec2439004753.dir/CheckSymbolExists.cxx.o
/usr/bin/c++    -I/usr/include/qt4    -o CMakeFiles/cmTryCompileExec2439004753.dir/CheckSymbolExists.cxx.o -c /home/user/ros_ws/build/CMakeFiles/CMakeTmp/CheckSymbolExists.cxx
/home/user/ros_ws/build/CMakeFiles/CMakeTmp/CheckSymbolExists.cxx: In function ‘int main(int, char**)’:
/home/user/ros_ws/build/CMakeFiles/CMakeTmp/CheckSymbolExists.cxx:8:19: error: ‘Q_WS_MAC’ was not declared in this scope
   return ((int*)(&Q_WS_MAC))[argc];
                   ^
make[1]: se sale del directorio «/home/user/ros_ws/build/CMakeFiles/CMakeTmp»
make[1]: *** [CMakeFiles/cmTryCompileExec2439004753.dir/CheckSymbolExists.cxx.o] Error 1
make: *** [cmTryCompileExec2439004753/fast] Error 2

File /home/user/ros_ws/build/CMakeFiles/CMakeTmp/CheckSymbolExists.cxx:
/* */
#include <QtCore/qglobal.h>

int main(int argc, char** argv)
{
  (void)argv;
#ifndef Q_WS_MAC
  return ((int*)(&Q_WS_MAC))[argc];
#else
  (void)argc;
  return 0;
#endif
}

